<?xml version="1.0" encoding="UTF-8" ?>
<testsuite tests="3" failures="0" name="com.mycompany.nextdate.NextDateTest" time="0.04" errors="0" skipped="0">
  <properties>
[...]
</properties>
  <testcase classname="com.mycompany.nextdate.NextDateTest" name="com.mycompany.nextdate.NextDateTest.testNextDate" time="0.04"/>
  <testcase classname="com.mycompany.nextdate.NextDateTest" name="com.mycompany.nextdate.NextDateTest.testDaysInMonth" time="0"/>
  <testcase classname="com.mycompany.nextdate.NextDateTest" name="com.mycompany.nextdate.NextDateTest.testLeapYear" time="0"/>
</testsuite>